Determining if the pthread_create exist failed with the following output:
Change Dir: /home/jetson/turtlebot_ws/build/CMakeFiles/CMakeTmp

Run Build Command:"/usr/bin/make" "cmTC_f14ea/fast"
/usr/bin/make -f CMakeFiles/cmTC_f14ea.dir/build.make CMakeFiles/cmTC_f14ea.dir/build
make[1]: Entering directory '/home/jetson/turtlebot_ws/build/CMakeFiles/CMakeTmp'
Building C object CMakeFiles/cmTC_f14ea.dir/CheckSymbolExists.c.o
/usr/bin/cc    -o CMakeFiles/cmTC_f14ea.dir/CheckSymbolExists.c.o   -c /home/jetson/turtlebot_ws/build/CMakeFiles/CMakeTmp/CheckSymbolExists.c
Linking C executable cmTC_f14ea
/usr/bin/cmake -E cmake_link_script CMakeFiles/cmTC_f14ea.dir/link.txt --verbose=1
/usr/bin/cc      -rdynamic CMakeFiles/cmTC_f14ea.dir/CheckSymbolExists.c.o  -o cmTC_f14ea 
CMakeFiles/cmTC_f14ea.dir/CheckSymbolExists.c.o: In function `main':
CheckSymbolExists.c:(.text+0x14): undefined reference to `pthread_create'
CheckSymbolExists.c:(.text+0x18): undefined reference to `pthread_create'
collect2: error: ld returned 1 exit status
CMakeFiles/cmTC_f14ea.dir/build.make:97: recipe for target 'cmTC_f14ea' failed
make[1]: *** [cmTC_f14ea] Error 1
make[1]: Leaving directory '/home/jetson/turtlebot_ws/build/CMakeFiles/CMakeTmp'
Makefile:126: recipe for target 'cmTC_f14ea/fast' failed
make: *** [cmTC_f14ea/fast] Error 2

File /home/jetson/turtlebot_ws/build/CMakeFiles/CMakeTmp/CheckSymbolExists.c:
/* */
#include <pthread.h>

int main(int argc, char** argv)
{
  (void)argv;
#ifndef pthread_create
  return ((int*)(&pthread_create))[argc];
#else
  (void)argc;
  return 0;
#endif
}

Determining if the function pthread_create exists in the pthreads failed with the following output:
Change Dir: /home/jetson/turtlebot_ws/build/CMakeFiles/CMakeTmp

Run Build Command:"/usr/bin/make" "cmTC_c81b3/fast"
/usr/bin/make -f CMakeFiles/cmTC_c81b3.dir/build.make CMakeFiles/cmTC_c81b3.dir/build
make[1]: Entering directory '/home/jetson/turtlebot_ws/build/CMakeFiles/CMakeTmp'
Building C object CMakeFiles/cmTC_c81b3.dir/CheckFunctionExists.c.o
/usr/bin/cc   -DCHECK_FUNCTION_EXISTS=pthread_create   -o CMakeFiles/cmTC_c81b3.dir/CheckFunctionExists.c.o   -c /usr/share/cmake-3.10/Modules/CheckFunctionExists.c
Linking C executable cmTC_c81b3
/usr/bin/cmake -E cmake_link_script CMakeFiles/cmTC_c81b3.dir/link.txt --verbose=1
/usr/bin/cc  -DCHECK_FUNCTION_EXISTS=pthread_create    -rdynamic CMakeFiles/cmTC_c81b3.dir/CheckFunctionExists.c.o  -o cmTC_c81b3 -lpthreads 
/usr/bin/ld: cannot find -lpthreads
collect2: error: ld returned 1 exit status
CMakeFiles/cmTC_c81b3.dir/build.make:97: recipe for target 'cmTC_c81b3' failed
make[1]: *** [cmTC_c81b3] Error 1
make[1]: Leaving directory '/home/jetson/turtlebot_ws/build/CMakeFiles/CMakeTmp'
Makefile:126: recipe for target 'cmTC_c81b3/fast' failed
make: *** [cmTC_c81b3/fast] Error 2


Determining if the Q_WS_WIN exist failed with the following output:
Change Dir: /home/jetson/turtlebot_ws/build/CMakeFiles/CMakeTmp

Run Build Command:"/usr/bin/make" "cmTC_b12fd/fast"
/usr/bin/make -f CMakeFiles/cmTC_b12fd.dir/build.make CMakeFiles/cmTC_b12fd.dir/build
make[1]: Entering directory '/home/jetson/turtlebot_ws/build/CMakeFiles/CMakeTmp'
Building CXX object CMakeFiles/cmTC_b12fd.dir/CheckSymbolExists.cxx.o
/usr/bin/c++   -I/usr/include/qt4   -o CMakeFiles/cmTC_b12fd.dir/CheckSymbolExists.cxx.o -c /home/jetson/turtlebot_ws/build/CMakeFiles/CMakeTmp/CheckSymbolExists.cxx
/home/jetson/turtlebot_ws/build/CMakeFiles/CMakeTmp/CheckSymbolExists.cxx: In function ‘int main(int, char**)’:
/home/jetson/turtlebot_ws/build/CMakeFiles/CMakeTmp/CheckSymbolExists.cxx:8:19: error: ‘Q_WS_WIN’ was not declared in this scope
   return ((int*)(&Q_WS_WIN))[argc];
                   ^~~~~~~~
/home/jetson/turtlebot_ws/build/CMakeFiles/CMakeTmp/CheckSymbolExists.cxx:8:19: note: suggested alternative: ‘Q_WS_X11’
   return ((int*)(&Q_WS_WIN))[argc];
                   ^~~~~~~~
                   Q_WS_X11
CMakeFiles/cmTC_b12fd.dir/build.make:65: recipe for target 'CMakeFiles/cmTC_b12fd.dir/CheckSymbolExists.cxx.o' failed
make[1]: *** [CMakeFiles/cmTC_b12fd.dir/CheckSymbolExists.cxx.o] Error 1
make[1]: Leaving directory '/home/jetson/turtlebot_ws/build/CMakeFiles/CMakeTmp'
Makefile:126: recipe for target 'cmTC_b12fd/fast' failed
make: *** [cmTC_b12fd/fast] Error 2

File /home/jetson/turtlebot_ws/build/CMakeFiles/CMakeTmp/CheckSymbolExists.cxx:
/* */
#include <QtCore/qglobal.h>

int main(int argc, char** argv)
{
  (void)argv;
#ifndef Q_WS_WIN
  return ((int*)(&Q_WS_WIN))[argc];
#else
  (void)argc;
  return 0;
#endif
}

Determining if the Q_WS_QWS exist failed with the following output:
Change Dir: /home/jetson/turtlebot_ws/build/CMakeFiles/CMakeTmp

Run Build Command:"/usr/bin/make" "cmTC_84143/fast"
/usr/bin/make -f CMakeFiles/cmTC_84143.dir/build.make CMakeFiles/cmTC_84143.dir/build
make[1]: Entering directory '/home/jetson/turtlebot_ws/build/CMakeFiles/CMakeTmp'
Building CXX object CMakeFiles/cmTC_84143.dir/CheckSymbolExists.cxx.o
/usr/bin/c++   -I/usr/include/qt4   -o CMakeFiles/cmTC_84143.dir/CheckSymbolExists.cxx.o -c /home/jetson/turtlebot_ws/build/CMakeFiles/CMakeTmp/CheckSymbolExists.cxx
/home/jetson/turtlebot_ws/build/CMakeFiles/CMakeTmp/CheckSymbolExists.cxx: In function ‘int main(int, char**)’:
/home/jetson/turtlebot_ws/build/CMakeFiles/CMakeTmp/CheckSymbolExists.cxx:8:19: error: ‘Q_WS_QWS’ was not declared in this scope
   return ((int*)(&Q_WS_QWS))[argc];
                   ^~~~~~~~
/home/jetson/turtlebot_ws/build/CMakeFiles/CMakeTmp/CheckSymbolExists.cxx:8:19: note: suggested alternative: ‘Q_WS_X11’
   return ((int*)(&Q_WS_QWS))[argc];
                   ^~~~~~~~
                   Q_WS_X11
CMakeFiles/cmTC_84143.dir/build.make:65: recipe for target 'CMakeFiles/cmTC_84143.dir/CheckSymbolExists.cxx.o' failed
make[1]: *** [CMakeFiles/cmTC_84143.dir/CheckSymbolExists.cxx.o] Error 1
make[1]: Leaving directory '/home/jetson/turtlebot_ws/build/CMakeFiles/CMakeTmp'
Makefile:126: recipe for target 'cmTC_84143/fast' failed
make: *** [cmTC_84143/fast] Error 2

File /home/jetson/turtlebot_ws/build/CMakeFiles/CMakeTmp/CheckSymbolExists.cxx:
/* */
#include <QtCore/qglobal.h>

int main(int argc, char** argv)
{
  (void)argv;
#ifndef Q_WS_QWS
  return ((int*)(&Q_WS_QWS))[argc];
#else
  (void)argc;
  return 0;
#endif
}

Determining if the Q_WS_MAC exist failed with the following output:
Change Dir: /home/jetson/turtlebot_ws/build/CMakeFiles/CMakeTmp

Run Build Command:"/usr/bin/make" "cmTC_da2ef/fast"
/usr/bin/make -f CMakeFiles/cmTC_da2ef.dir/build.make CMakeFiles/cmTC_da2ef.dir/build
make[1]: Entering directory '/home/jetson/turtlebot_ws/build/CMakeFiles/CMakeTmp'
Building CXX object CMakeFiles/cmTC_da2ef.dir/CheckSymbolExists.cxx.o
/usr/bin/c++   -I/usr/include/qt4   -o CMakeFiles/cmTC_da2ef.dir/CheckSymbolExists.cxx.o -c /home/jetson/turtlebot_ws/build/CMakeFiles/CMakeTmp/CheckSymbolExists.cxx
/home/jetson/turtlebot_ws/build/CMakeFiles/CMakeTmp/CheckSymbolExists.cxx: In function ‘int main(int, char**)’:
/home/jetson/turtlebot_ws/build/CMakeFiles/CMakeTmp/CheckSymbolExists.cxx:8:19: error: ‘Q_WS_MAC’ was not declared in this scope
   return ((int*)(&Q_WS_MAC))[argc];
                   ^~~~~~~~
/home/jetson/turtlebot_ws/build/CMakeFiles/CMakeTmp/CheckSymbolExists.cxx:8:19: note: suggested alternative: ‘Q_WS_X11’
   return ((int*)(&Q_WS_MAC))[argc];
                   ^~~~~~~~
                   Q_WS_X11
CMakeFiles/cmTC_da2ef.dir/build.make:65: recipe for target 'CMakeFiles/cmTC_da2ef.dir/CheckSymbolExists.cxx.o' failed
make[1]: *** [CMakeFiles/cmTC_da2ef.dir/CheckSymbolExists.cxx.o] Error 1
make[1]: Leaving directory '/home/jetson/turtlebot_ws/build/CMakeFiles/CMakeTmp'
Makefile:126: recipe for target 'cmTC_da2ef/fast' failed
make: *** [cmTC_da2ef/fast] Error 2

File /home/jetson/turtlebot_ws/build/CMakeFiles/CMakeTmp/CheckSymbolExists.cxx:
/* */
#include <QtCore/qglobal.h>

int main(int argc, char** argv)
{
  (void)argv;
#ifndef Q_WS_MAC
  return ((int*)(&Q_WS_MAC))[argc];
#else
  (void)argc;
  return 0;
#endif
}

